node:internal/modules/package_json_reader:301
  throw new ERR_MODULE_NOT_FOUND(packageName, fileURLToPath(base), null);
        ^

Error [ERR_MODULE_NOT_FOUND]: Cannot find package 'express' imported from /Users/victoria.serrano/Library/CloudStorage/SynologyDrive-back1/misScripts/minigame_locally/scripts/zapier-webhook-receiver.mjs
    at Object.getPackageJSONURL (node:internal/modules/package_json_reader:301:9)
    at packageResolve (node:internal/modules/esm/resolve:764:81)
    at moduleResolve (node:internal/modules/esm/resolve:855:18)
    at defaultResolve (node:internal/modules/esm/resolve:988:11)
    at #cachedDefaultResolve (node:internal/modules/esm/loader:697:20)
    at #resolveAndMaybeBlockOnLoaderThread (node:internal/modules/esm/loader:714:38)
    at ModuleLoader.resolveSync (node:internal/modules/esm/loader:746:52)
    at #resolve (node:internal/modules/esm/loader:679:17)
    at ModuleLoader.getOrCreateModuleJob (node:internal/modules/esm/loader:599:35)
    at ModuleJob.syncLink (node:internal/modules/esm/module_job:160:33) {
  code: 'ERR_MODULE_NOT_FOUND'
}

Node.js v25.8.1

╔═════════════════════════════════════════════════════╗
║  Zapier Webhook Receiver - Active                  ║
║                                                     ║
║  Listening on: http://localhost:3000              ║
║  Endpoint:     /webhook/zapier (POST)               ║
║  Health:       /health (GET)                        ║
║  Status:       /task-status/{id} (GET)              ║
║                                                     ║
║  Set in Zapier:                                     ║
║  http://localhost:3000/webhook/zapier  ║
╚═════════════════════════════════════════════════════╝
    
Supported events:
  - paraclau_file_changed
  - task_received
  - learning_batch_ready
  - doc_changed
  - handoff_request

Logs: /Users/victoria.serrano/Library/CloudStorage/SynologyDrive-back1/misScripts/minigame_locally/logs/

╔═════════════════════════════════════════════════════╗
║  Zapier Webhook Receiver - Active                  ║
║                                                     ║
║  Listening on: http://localhost:3000              ║
║  Endpoint:     /webhook/zapier (POST)               ║
║  Health:       /health (GET)                        ║
║  Status:       /task-status/{id} (GET)              ║
║                                                     ║
║  Set in Zapier:                                     ║
║  http://localhost:3000/webhook/zapier  ║
╚═════════════════════════════════════════════════════╝
    
Supported events:
  - paraclau_file_changed
  - task_received
  - learning_batch_ready
  - doc_changed
  - handoff_request

Logs: /Users/victoria.serrano/Library/CloudStorage/SynologyDrive-back1/misScripts/minigame_locally/logs/
